<?xml version="1.0" encoding="UTF-8"?>
<testsuite xmlns:xsi="http://www.w3.org/2001/XMLSchema-instance" xsi:noNamespaceSchemaLocation="https://maven.apache.org/surefire/maven-surefire-plugin/xsd/surefire-test-report-3.0.xsd" version="3.0" name="exercise.article.WorkerImplTest" time="0.09" tests="9" errors="0" skipped="0" failures="0">
  <properties>
[...]
</properties>
  <testcase name="PrepareArticlesWithWrongData" classname="exercise.article.WorkerImplTest" time="0.045"/>
  <testcase name="getCatalogWithTitlesInAlphabeticalOrder" classname="exercise.article.WorkerImplTest" time="0.006"/>
  <testcase name="AddNewArticlesWithNullArticlesAndThrowsException" classname="exercise.article.WorkerImplTest" time="0.005"/>
  <testcase name="AddNewArticlesWithEmptyArticles" classname="exercise.article.WorkerImplTest" time="0.007"/>
  <testcase name="PrepareArticlesWithCorrectData" classname="exercise.article.WorkerImplTest" time="0.001"/>
  <testcase name="PreparedNewArticlesWithIdenticalTitles" classname="exercise.article.WorkerImplTest" time="0.002"/>
  <testcase name="getCatalogWithoutTitles" classname="exercise.article.WorkerImplTest" time="0.002"/>
  <testcase name="PrepareArticlesWithCheckForCorrectDate" classname="exercise.article.WorkerImplTest" time="0.002"/>
  <testcase name="AddNewArticlesWithValidArticles" classname="exercise.article.WorkerImplTest" time="0.004"/>
</testsuite>